<?xml version="1.0" encoding="UTF-8"?>
<testsuite xmlns:xsi="http://www.w3.org/2001/XMLSchema-instance" xsi:noNamespaceSchemaLocation="https://maven.apache.org/surefire/maven-surefire-plugin/xsd/surefire-test-report-3.0.xsd" version="3.0" name="TestSuite" time="121.956" tests="2" errors="0" skipped="0" failures="1">
  <properties>
    <property name="sun.desktop" value="windows"/>
    <property name="awt.toolkit" value="sun.awt.windows.WToolkit"/>
    <property name="surefire.suiteXmlFiles" value="./ExecutableFile/WeatherAuthenticator.testng.xml"/>
    <property name="file.encoding.pkg" value="sun.io"/>
    <property name="java.specification.version" value="1.8"/>
    <property name="sun.cpu.isalist" value="amd64"/>
    <property name="sun.jnu.encoding" value="Cp1252"/>
    <property name="java.class.path" value="C:\Users\Prasanna\Desktop\TestVagrant\target\test-classes;C:\Users\Prasanna\Desktop\TestVagrant\target\classes;C:\Users\Prasanna\.m2\repository\info\cukes\cucumber-java\1.2.5\cucumber-java-1.2.5.jar;C:\Users\Prasanna\.m2\repository\info\cukes\cucumber-core\1.2.5\cucumber-core-1.2.5.jar;C:\Users\Prasanna\.m2\repository\info\cukes\cucumber-html\0.2.3\cucumber-html-0.2.3.jar;C:\Users\Prasanna\.m2\repository\info\cukes\cucumber-jvm-deps\1.0.5\cucumber-jvm-deps-1.0.5.jar;C:\Users\Prasanna\.m2\repository\info\cukes\gherkin\2.12.2\gherkin-2.12.2.jar;C:\Users\Prasanna\.m2\repository\info\cukes\cucumber-testng\1.2.5\cucumber-testng-1.2.5.jar;C:\Users\Prasanna\.m2\repository\org\seleniumhq\selenium\selenium-java\3.14.0\selenium-java-3.14.0.jar;C:\Users\Prasanna\.m2\repository\org\seleniumhq\selenium\selenium-api\3.14.0\selenium-api-3.14.0.jar;C:\Users\Prasanna\.m2\repository\org\seleniumhq\selenium\selenium-chrome-driver\3.14.0\selenium-chrome-driver-3.14.0.jar;C:\Users\Prasanna\.m2\repository\org\seleniumhq\selenium\selenium-edge-driver\3.14.0\selenium-edge-driver-3.14.0.jar;C:\Users\Prasanna\.m2\repository\org\seleniumhq\selenium\selenium-firefox-driver\3.14.0\selenium-firefox-driver-3.14.0.jar;C:\Users\Prasanna\.m2\repository\org\seleniumhq\selenium\selenium-ie-driver\3.14.0\selenium-ie-driver-3.14.0.jar;C:\Users\Prasanna\.m2\repository\org\seleniumhq\selenium\selenium-opera-driver\3.14.0\selenium-opera-driver-3.14.0.jar;C:\Users\Prasanna\.m2\repository\org\seleniumhq\selenium\selenium-remote-driver\3.14.0\selenium-remote-driver-3.14.0.jar;C:\Users\Prasanna\.m2\repository\org\seleniumhq\selenium\selenium-safari-driver\3.14.0\selenium-safari-driver-3.14.0.jar;C:\Users\Prasanna\.m2\repository\org\seleniumhq\selenium\selenium-support\3.14.0\selenium-support-3.14.0.jar;C:\Users\Prasanna\.m2\repository\net\bytebuddy\byte-buddy\1.8.15\byte-buddy-1.8.15.jar;C:\Users\Prasanna\.m2\repository\org\apache\commons\commons-exec\1.3\commons-exec-1.3.jar;C:\Users\Prasanna\.m2\repository\commons-codec\commons-codec\1.10\commons-codec-1.10.jar;C:\Users\Prasanna\.m2\repository\commons-logging\commons-logging\1.2\commons-logging-1.2.jar;C:\Users\Prasanna\.m2\repository\com\google\guava\guava\25.0-jre\guava-25.0-jre.jar;C:\Users\Prasanna\.m2\repository\com\google\code\findbugs\jsr305\1.3.9\jsr305-1.3.9.jar;C:\Users\Prasanna\.m2\repository\org\checkerframework\checker-compat-qual\2.0.0\checker-compat-qual-2.0.0.jar;C:\Users\Prasanna\.m2\repository\com\google\errorprone\error_prone_annotations\2.1.3\error_prone_annotations-2.1.3.jar;C:\Users\Prasanna\.m2\repository\com\google\j2objc\j2objc-annotations\1.1\j2objc-annotations-1.1.jar;C:\Users\Prasanna\.m2\repository\org\codehaus\mojo\animal-sniffer-annotations\1.14\animal-sniffer-annotations-1.14.jar;C:\Users\Prasanna\.m2\repository\org\apache\httpcomponents\httpclient\4.5.5\httpclient-4.5.5.jar;C:\Users\Prasanna\.m2\repository\org\apache\httpcomponents\httpcore\4.4.9\httpcore-4.4.9.jar;C:\Users\Prasanna\.m2\repository\com\squareup\okhttp3\okhttp\3.10.0\okhttp-3.10.0.jar;C:\Users\Prasanna\.m2\repository\com\squareup\okio\okio\1.14.1\okio-1.14.1.jar;C:\Users\Prasanna\.m2\repository\org\openrdf\sesame\sesame-rio-api\2.7.2\sesame-rio-api-2.7.2.jar;C:\Users\Prasanna\.m2\repository\org\openrdf\sesame\sesame-model\2.7.2\sesame-model-2.7.2.jar;C:\Users\Prasanna\.m2\repository\org\openrdf\sesame\sesame-util\2.7.2\sesame-util-2.7.2.jar;C:\Users\Prasanna\.m2\repository\org\slf4j\slf4j-api\1.6.1\slf4j-api-1.6.1.jar;C:\Users\Prasanna\.m2\repository\org\apache\poi\poi\3.17\poi-3.17.jar;C:\Users\Prasanna\.m2\repository\org\apache\commons\commons-collections4\4.1\commons-collections4-4.1.jar;C:\Users\Prasanna\.m2\repository\org\apache\poi\poi-ooxml-schemas\3.17\poi-ooxml-schemas-3.17.jar;C:\Users\Prasanna\.m2\repository\org\apache\poi\poi-scratchpad\3.17\poi-scratchpad-3.17.jar;C:\Users\Prasanna\.m2\repository\org\apache\poi\poi-ooxml\3.17\poi-ooxml-3.17.jar;C:\Users\Prasanna\.m2\repository\com\github\virtuald\curvesapi\1.04\curvesapi-1.04.jar;C:\Users\Prasanna\.m2\repository\org\apache\poi\ooxml-schemas\1.3\ooxml-schemas-1.3.jar;C:\Users\Prasanna\.m2\repository\org\apache\xmlbeans\xmlbeans\2.6.0\xmlbeans-2.6.0.jar;C:\Users\Prasanna\.m2\repository\stax\stax-api\1.0.1\stax-api-1.0.1.jar;C:\Users\Prasanna\.m2\repository\org\apache\poi\openxml4j\1.0-beta\openxml4j-1.0-beta.jar;C:\Users\Prasanna\.m2\repository\dom4j\dom4j\1.6.1\dom4j-1.6.1.jar;C:\Users\Prasanna\.m2\repository\xml-apis\xml-apis\1.0.b2\xml-apis-1.0.b2.jar;C:\Users\Prasanna\.m2\repository\log4j\log4j\1.2.8\log4j-1.2.8.jar;C:\Users\Prasanna\.m2\repository\org\testng\testng\6.8\testng-6.8.jar;C:\Users\Prasanna\.m2\repository\junit\junit\4.10\junit-4.10.jar;C:\Users\Prasanna\.m2\repository\org\hamcrest\hamcrest-core\1.1\hamcrest-core-1.1.jar;C:\Users\Prasanna\.m2\repository\org\beanshell\bsh\2.0b4\bsh-2.0b4.jar;C:\Users\Prasanna\.m2\repository\com\beust\jcommander\1.27\jcommander-1.27.jar;C:\Users\Prasanna\.m2\repository\org\yaml\snakeyaml\1.6\snakeyaml-1.6.jar;C:\Users\Prasanna\.m2\repository\commons-io\commons-io\2.4\commons-io-2.4.jar;C:\Users\Prasanna\.m2\repository\org\apache\logging\log4j\log4j-core\2.1\log4j-core-2.1.jar;C:\Users\Prasanna\.m2\repository\org\apache\logging\log4j\log4j-api\2.1\log4j-api-2.1.jar;C:\Users\Prasanna\.m2\repository\io\rest-assured\rest-assured\4.3.0\rest-assured-4.3.0.jar;C:\Users\Prasanna\.m2\repository\org\codehaus\groovy\groovy\3.0.2\groovy-3.0.2.jar;C:\Users\Prasanna\.m2\repository\org\codehaus\groovy\groovy-xml\3.0.2\groovy-xml-3.0.2.jar;C:\Users\Prasanna\.m2\repository\org\apache\httpcomponents\httpmime\4.5.3\httpmime-4.5.3.jar;C:\Users\Prasanna\.m2\repository\org\hamcrest\hamcrest\2.1\hamcrest-2.1.jar;C:\Users\Prasanna\.m2\repository\org\ccil\cowan\tagsoup\tagsoup\1.2.1\tagsoup-1.2.1.jar;C:\Users\Prasanna\.m2\repository\io\rest-assured\json-schema-validator\4.3.0\json-schema-validator-4.3.0.jar;C:\Users\Prasanna\.m2\repository\com\github\java-json-tools\json-schema-validator\2.2.10\json-schema-validator-2.2.10.jar;C:\Users\Prasanna\.m2\repository\com\github\java-json-tools\json-schema-core\1.2.10\json-schema-core-1.2.10.jar;C:\Users\Prasanna\.m2\repository\com\github\java-json-tools\jackson-coreutils\1.9\jackson-coreutils-1.9.jar;C:\Users\Prasanna\.m2\repository\com\fasterxml\jackson\core\jackson-databind\2.2.3\jackson-databind-2.2.3.jar;C:\Users\Prasanna\.m2\repository\com\fasterxml\jackson\core\jackson-annotations\2.2.3\jackson-annotations-2.2.3.jar;C:\Users\Prasanna\.m2\repository\com\fasterxml\jackson\core\jackson-core\2.2.3\jackson-core-2.2.3.jar;C:\Users\Prasanna\.m2\repository\com\github\fge\msg-simple\1.1\msg-simple-1.1.jar;C:\Users\Prasanna\.m2\repository\com\github\fge\btf\1.2\btf-1.2.jar;C:\Users\Prasanna\.m2\repository\com\github\fge\uri-template\0.9\uri-template-0.9.jar;C:\Users\Prasanna\.m2\repository\org\mozilla\rhino\1.7.7.1\rhino-1.7.7.1.jar;C:\Users\Prasanna\.m2\repository\javax\mail\mailapi\1.4.3\mailapi-1.4.3.jar;C:\Users\Prasanna\.m2\repository\joda-time\joda-time\2.9.7\joda-time-2.9.7.jar;C:\Users\Prasanna\.m2\repository\com\googlecode\libphonenumber\libphonenumber\8.0.0\libphonenumber-8.0.0.jar;C:\Users\Prasanna\.m2\repository\net\sf\jopt-simple\jopt-simple\5.0.3\jopt-simple-5.0.3.jar;C:\Users\Prasanna\.m2\repository\io\rest-assured\json-path\4.3.0\json-path-4.3.0.jar;C:\Users\Prasanna\.m2\repository\org\codehaus\groovy\groovy-json\3.0.2\groovy-json-3.0.2.jar;C:\Users\Prasanna\.m2\repository\io\rest-assured\rest-assured-common\4.3.0\rest-assured-common-4.3.0.jar;C:\Users\Prasanna\.m2\repository\io\rest-assured\xml-path\4.3.0\xml-path-4.3.0.jar;C:\Users\Prasanna\.m2\repository\org\apache\commons\commons-lang3\3.4\commons-lang3-3.4.jar;C:\Users\Prasanna\.m2\repository\jakarta\xml\bind\jakarta.xml.bind-api\2.3.2\jakarta.xml.bind-api-2.3.2.jar;C:\Users\Prasanna\.m2\repository\jakarta\activation\jakarta.activation-api\1.2.1\jakarta.activation-api-1.2.1.jar;C:\Users\Prasanna\.m2\repository\com\sun\xml\bind\jaxb-osgi\2.3.0.1\jaxb-osgi-2.3.0.1.jar;C:\Users\Prasanna\.m2\repository\org\apache\sling\org.apache.sling.javax.activation\0.1.0\org.apache.sling.javax.activation-0.1.0.jar;C:\Users\Prasanna\.m2\repository\javax\activation\activation\1.1.1\activation-1.1.1.jar;C:\Users\Prasanna\.m2\repository\org\apache\commons\commons-math3\3.6.1\commons-math3-3.6.1.jar;C:\Users\Prasanna\.m2\repository\org\jasypt\jasypt\1.9.0\jasypt-1.9.0.jar;"/>
    <property name="java.vm.vendor" value="Oracle Corporation"/>
    <property name="sun.arch.data.model" value="64"/>
    <property name="user.variant" value=""/>
    <property name="java.vendor.url" value="http://java.oracle.com/"/>
    <property name="user.timezone" value="Asia/Calcutta"/>
    <property name="java.vm.specification.version" value="1.8"/>
    <property name="os.name" value="Windows 10"/>
    <property name="user.country" value="US"/>
    <property name="sun.java.launcher" value="SUN_STANDARD"/>
    <property name="sun.boot.library.path" value="C:\Program Files\Java\jdk1.8.0_201\jre\bin"/>
    <property name="sun.java.command" value="C:\Users\Prasanna\AppData\Local\Temp\surefire8091921227593778135\surefirebooter3223020357656260147.jar C:\Users\Prasanna\AppData\Local\Temp\surefire8091921227593778135 2020-09-07T16-01-08_640-jvmRun1 surefire8160743988070670474tmp surefire_06086856421740648474tmp"/>
    <property name="surefire.test.class.path" value="C:\Users\Prasanna\Desktop\TestVagrant\target\test-classes;C:\Users\Prasanna\Desktop\TestVagrant\target\classes;C:\Users\Prasanna\.m2\repository\info\cukes\cucumber-java\1.2.5\cucumber-java-1.2.5.jar;C:\Users\Prasanna\.m2\repository\info\cukes\cucumber-core\1.2.5\cucumber-core-1.2.5.jar;C:\Users\Prasanna\.m2\repository\info\cukes\cucumber-html\0.2.3\cucumber-html-0.2.3.jar;C:\Users\Prasanna\.m2\repository\info\cukes\cucumber-jvm-deps\1.0.5\cucumber-jvm-deps-1.0.5.jar;C:\Users\Prasanna\.m2\repository\info\cukes\gherkin\2.12.2\gherkin-2.12.2.jar;C:\Users\Prasanna\.m2\repository\info\cukes\cucumber-testng\1.2.5\cucumber-testng-1.2.5.jar;C:\Users\Prasanna\.m2\repository\org\seleniumhq\selenium\selenium-java\3.14.0\selenium-java-3.14.0.jar;C:\Users\Prasanna\.m2\repository\org\seleniumhq\selenium\selenium-api\3.14.0\selenium-api-3.14.0.jar;C:\Users\Prasanna\.m2\repository\org\seleniumhq\selenium\selenium-chrome-driver\3.14.0\selenium-chrome-driver-3.14.0.jar;C:\Users\Prasanna\.m2\repository\org\seleniumhq\selenium\selenium-edge-driver\3.14.0\selenium-edge-driver-3.14.0.jar;C:\Users\Prasanna\.m2\repository\org\seleniumhq\selenium\selenium-firefox-driver\3.14.0\selenium-firefox-driver-3.14.0.jar;C:\Users\Prasanna\.m2\repository\org\seleniumhq\selenium\selenium-ie-driver\3.14.0\selenium-ie-driver-3.14.0.jar;C:\Users\Prasanna\.m2\repository\org\seleniumhq\selenium\selenium-opera-driver\3.14.0\selenium-opera-driver-3.14.0.jar;C:\Users\Prasanna\.m2\repository\org\seleniumhq\selenium\selenium-remote-driver\3.14.0\selenium-remote-driver-3.14.0.jar;C:\Users\Prasanna\.m2\repository\org\seleniumhq\selenium\selenium-safari-driver\3.14.0\selenium-safari-driver-3.14.0.jar;C:\Users\Prasanna\.m2\repository\org\seleniumhq\selenium\selenium-support\3.14.0\selenium-support-3.14.0.jar;C:\Users\Prasanna\.m2\repository\net\bytebuddy\byte-buddy\1.8.15\byte-buddy-1.8.15.jar;C:\Users\Prasanna\.m2\repository\org\apache\commons\commons-exec\1.3\commons-exec-1.3.jar;C:\Users\Prasanna\.m2\repository\commons-codec\commons-codec\1.10\commons-codec-1.10.jar;C:\Users\Prasanna\.m2\repository\commons-logging\commons-logging\1.2\commons-logging-1.2.jar;C:\Users\Prasanna\.m2\repository\com\google\guava\guava\25.0-jre\guava-25.0-jre.jar;C:\Users\Prasanna\.m2\repository\com\google\code\findbugs\jsr305\1.3.9\jsr305-1.3.9.jar;C:\Users\Prasanna\.m2\repository\org\checkerframework\checker-compat-qual\2.0.0\checker-compat-qual-2.0.0.jar;C:\Users\Prasanna\.m2\repository\com\google\errorprone\error_prone_annotations\2.1.3\error_prone_annotations-2.1.3.jar;C:\Users\Prasanna\.m2\repository\com\google\j2objc\j2objc-annotations\1.1\j2objc-annotations-1.1.jar;C:\Users\Prasanna\.m2\repository\org\codehaus\mojo\animal-sniffer-annotations\1.14\animal-sniffer-annotations-1.14.jar;C:\Users\Prasanna\.m2\repository\org\apache\httpcomponents\httpclient\4.5.5\httpclient-4.5.5.jar;C:\Users\Prasanna\.m2\repository\org\apache\httpcomponents\httpcore\4.4.9\httpcore-4.4.9.jar;C:\Users\Prasanna\.m2\repository\com\squareup\okhttp3\okhttp\3.10.0\okhttp-3.10.0.jar;C:\Users\Prasanna\.m2\repository\com\squareup\okio\okio\1.14.1\okio-1.14.1.jar;C:\Users\Prasanna\.m2\repository\org\openrdf\sesame\sesame-rio-api\2.7.2\sesame-rio-api-2.7.2.jar;C:\Users\Prasanna\.m2\repository\org\openrdf\sesame\sesame-model\2.7.2\sesame-model-2.7.2.jar;C:\Users\Prasanna\.m2\repository\org\openrdf\sesame\sesame-util\2.7.2\sesame-util-2.7.2.jar;C:\Users\Prasanna\.m2\repository\org\slf4j\slf4j-api\1.6.1\slf4j-api-1.6.1.jar;C:\Users\Prasanna\.m2\repository\org\apache\poi\poi\3.17\poi-3.17.jar;C:\Users\Prasanna\.m2\repository\org\apache\commons\commons-collections4\4.1\commons-collections4-4.1.jar;C:\Users\Prasanna\.m2\repository\org\apache\poi\poi-ooxml-schemas\3.17\poi-ooxml-schemas-3.17.jar;C:\Users\Prasanna\.m2\repository\org\apache\poi\poi-scratchpad\3.17\poi-scratchpad-3.17.jar;C:\Users\Prasanna\.m2\repository\org\apache\poi\poi-ooxml\3.17\poi-ooxml-3.17.jar;C:\Users\Prasanna\.m2\repository\com\github\virtuald\curvesapi\1.04\curvesapi-1.04.jar;C:\Users\Prasanna\.m2\repository\org\apache\poi\ooxml-schemas\1.3\ooxml-schemas-1.3.jar;C:\Users\Prasanna\.m2\repository\org\apache\xmlbeans\xmlbeans\2.6.0\xmlbeans-2.6.0.jar;C:\Users\Prasanna\.m2\repository\stax\stax-api\1.0.1\stax-api-1.0.1.jar;C:\Users\Prasanna\.m2\repository\org\apache\poi\openxml4j\1.0-beta\openxml4j-1.0-beta.jar;C:\Users\Prasanna\.m2\repository\dom4j\dom4j\1.6.1\dom4j-1.6.1.jar;C:\Users\Prasanna\.m2\repository\xml-apis\xml-apis\1.0.b2\xml-apis-1.0.b2.jar;C:\Users\Prasanna\.m2\repository\log4j\log4j\1.2.8\log4j-1.2.8.jar;C:\Users\Prasanna\.m2\repository\org\testng\testng\6.8\testng-6.8.jar;C:\Users\Prasanna\.m2\repository\junit\junit\4.10\junit-4.10.jar;C:\Users\Prasanna\.m2\repository\org\hamcrest\hamcrest-core\1.1\hamcrest-core-1.1.jar;C:\Users\Prasanna\.m2\repository\org\beanshell\bsh\2.0b4\bsh-2.0b4.jar;C:\Users\Prasanna\.m2\repository\com\beust\jcommander\1.27\jcommander-1.27.jar;C:\Users\Prasanna\.m2\repository\org\yaml\snakeyaml\1.6\snakeyaml-1.6.jar;C:\Users\Prasanna\.m2\repository\commons-io\commons-io\2.4\commons-io-2.4.jar;C:\Users\Prasanna\.m2\repository\org\apache\logging\log4j\log4j-core\2.1\log4j-core-2.1.jar;C:\Users\Prasanna\.m2\repository\org\apache\logging\log4j\log4j-api\2.1\log4j-api-2.1.jar;C:\Users\Prasanna\.m2\repository\io\rest-assured\rest-assured\4.3.0\rest-assured-4.3.0.jar;C:\Users\Prasanna\.m2\repository\org\codehaus\groovy\groovy\3.0.2\groovy-3.0.2.jar;C:\Users\Prasanna\.m2\repository\org\codehaus\groovy\groovy-xml\3.0.2\groovy-xml-3.0.2.jar;C:\Users\Prasanna\.m2\repository\org\apache\httpcomponents\httpmime\4.5.3\httpmime-4.5.3.jar;C:\Users\Prasanna\.m2\repository\org\hamcrest\hamcrest\2.1\hamcrest-2.1.jar;C:\Users\Prasanna\.m2\repository\org\ccil\cowan\tagsoup\tagsoup\1.2.1\tagsoup-1.2.1.jar;C:\Users\Prasanna\.m2\repository\io\rest-assured\json-schema-validator\4.3.0\json-schema-validator-4.3.0.jar;C:\Users\Prasanna\.m2\repository\com\github\java-json-tools\json-schema-validator\2.2.10\json-schema-validator-2.2.10.jar;C:\Users\Prasanna\.m2\repository\com\github\java-json-tools\json-schema-core\1.2.10\json-schema-core-1.2.10.jar;C:\Users\Prasanna\.m2\repository\com\github\java-json-tools\jackson-coreutils\1.9\jackson-coreutils-1.9.jar;C:\Users\Prasanna\.m2\repository\com\fasterxml\jackson\core\jackson-databind\2.2.3\jackson-databind-2.2.3.jar;C:\Users\Prasanna\.m2\repository\com\fasterxml\jackson\core\jackson-annotations\2.2.3\jackson-annotations-2.2.3.jar;C:\Users\Prasanna\.m2\repository\com\fasterxml\jackson\core\jackson-core\2.2.3\jackson-core-2.2.3.jar;C:\Users\Prasanna\.m2\repository\com\github\fge\msg-simple\1.1\msg-simple-1.1.jar;C:\Users\Prasanna\.m2\repository\com\github\fge\btf\1.2\btf-1.2.jar;C:\Users\Prasanna\.m2\repository\com\github\fge\uri-template\0.9\uri-template-0.9.jar;C:\Users\Prasanna\.m2\repository\org\mozilla\rhino\1.7.7.1\rhino-1.7.7.1.jar;C:\Users\Prasanna\.m2\repository\javax\mail\mailapi\1.4.3\mailapi-1.4.3.jar;C:\Users\Prasanna\.m2\repository\joda-time\joda-time\2.9.7\joda-time-2.9.7.jar;C:\Users\Prasanna\.m2\repository\com\googlecode\libphonenumber\libphonenumber\8.0.0\libphonenumber-8.0.0.jar;C:\Users\Prasanna\.m2\repository\net\sf\jopt-simple\jopt-simple\5.0.3\jopt-simple-5.0.3.jar;C:\Users\Prasanna\.m2\repository\io\rest-assured\json-path\4.3.0\json-path-4.3.0.jar;C:\Users\Prasanna\.m2\repository\org\codehaus\groovy\groovy-json\3.0.2\groovy-json-3.0.2.jar;C:\Users\Prasanna\.m2\repository\io\rest-assured\rest-assured-common\4.3.0\rest-assured-common-4.3.0.jar;C:\Users\Prasanna\.m2\repository\io\rest-assured\xml-path\4.3.0\xml-path-4.3.0.jar;C:\Users\Prasanna\.m2\repository\org\apache\commons\commons-lang3\3.4\commons-lang3-3.4.jar;C:\Users\Prasanna\.m2\repository\jakarta\xml\bind\jakarta.xml.bind-api\2.3.2\jakarta.xml.bind-api-2.3.2.jar;C:\Users\Prasanna\.m2\repository\jakarta\activation\jakarta.activation-api\1.2.1\jakarta.activation-api-1.2.1.jar;C:\Users\Prasanna\.m2\repository\com\sun\xml\bind\jaxb-osgi\2.3.0.1\jaxb-osgi-2.3.0.1.jar;C:\Users\Prasanna\.m2\repository\org\apache\sling\org.apache.sling.javax.activation\0.1.0\org.apache.sling.javax.activation-0.1.0.jar;C:\Users\Prasanna\.m2\repository\javax\activation\activation\1.1.1\activation-1.1.1.jar;C:\Users\Prasanna\.m2\repository\org\apache\commons\commons-math3\3.6.1\commons-math3-3.6.1.jar;C:\Users\Prasanna\.m2\repository\org\jasypt\jasypt\1.9.0\jasypt-1.9.0.jar;"/>
    <property name="sun.cpu.endian" value="little"/>
    <property name="user.home" value="C:\Users\Prasanna"/>
    <property name="user.language" value="en"/>
    <property name="java.specification.vendor" value="Oracle Corporation"/>
    <property name="java.home" value="C:\Program Files\Java\jdk1.8.0_201\jre"/>
    <property name="basedir" value="C:\Users\Prasanna\Desktop\TestVagrant"/>
    <property name="file.separator" value="\"/>
    <property name="line.separator" value="&#10;"/>
    <property name="java.vm.specification.vendor" value="Oracle Corporation"/>
    <property name="java.specification.name" value="Java Platform API Specification"/>
    <property name="java.awt.graphicsenv" value="sun.awt.Win32GraphicsEnvironment"/>
    <property name="surefire.real.class.path" value="C:\Users\Prasanna\AppData\Local\Temp\surefire8091921227593778135\surefirebooter3223020357656260147.jar"/>
    <property name="sun.boot.class.path" value="C:\Program Files\Java\jdk1.8.0_201\jre\lib\resources.jar;C:\Program Files\Java\jdk1.8.0_201\jre\lib\rt.jar;C:\Program Files\Java\jdk1.8.0_201\jre\lib\sunrsasign.jar;C:\Program Files\Java\jdk1.8.0_201\jre\lib\jsse.jar;C:\Program Files\Java\jdk1.8.0_201\jre\lib\jce.jar;C:\Program Files\Java\jdk1.8.0_201\jre\lib\charsets.jar;C:\Program Files\Java\jdk1.8.0_201\jre\lib\jfr.jar;C:\Program Files\Java\jdk1.8.0_201\jre\classes"/>
    <property name="user.script" value=""/>
    <property name="sun.management.compiler" value="HotSpot 64-Bit Tiered Compilers"/>
    <property name="java.runtime.version" value="1.8.0_201-b09"/>
    <property name="user.name" value="Prasanna"/>
    <property name="path.separator" value=";"/>
    <property name="os.version" value="10.0"/>
    <property name="java.endorsed.dirs" value="C:\Program Files\Java\jdk1.8.0_201\jre\lib\endorsed"/>
    <property name="java.runtime.name" value="Java(TM) SE Runtime Environment"/>
    <property name="file.encoding" value="Cp1252"/>
    <property name="java.vm.name" value="Java HotSpot(TM) 64-Bit Server VM"/>
    <property name="localRepository" value="C:\Users\Prasanna\.m2\repository"/>
    <property name="java.vendor.url.bug" value="http://bugreport.sun.com/bugreport/"/>
    <property name="java.io.tmpdir" value="C:\Users\Prasanna\AppData\Local\Temp\"/>
    <property name="java.version" value="1.8.0_201"/>
    <property name="user.dir" value="C:\Users\Prasanna\Desktop\TestVagrant"/>
    <property name="os.arch" value="amd64"/>
    <property name="java.vm.specification.name" value="Java Virtual Machine Specification"/>
    <property name="java.awt.printerjob" value="sun.awt.windows.WPrinterJob"/>
    <property name="sun.os.patch.level" value=""/>
    <property name="java.library.path" value="C:\Program Files\Java\jdk1.8.0_201\jre\bin;C:\WINDOWS\Sun\Java\bin;C:\WINDOWS\system32;C:\WINDOWS;C:\Program Files (x86)\Common Files\Oracle\Java\javapath;C:\WINDOWS\system32;C:\WINDOWS;C:\WINDOWS\System32\Wbem;C:\WINDOWS\System32\WindowsPowerShell\v1.0\;C:\WINDOWS\System32\OpenSSH\;C:\Program Files\nodejs\;C:\Program Files\nodejs\node_modules\npm\bin;C:\Program Files\Java\jdk1.8.0_201\bin;C:\Program Files\Maven\apache-maven-3.6.2\bin;C:\Users\Prasanna\AppData\Local\Android\Sdk\tools;C:\Users\Prasanna\AppData\Local\Android\Sdk\tools\bin;C:\Users\Prasanna\AppData\Local\Android\Sdk\platform-tools;C:\Program Files\Git\cmd;C:\Users\Prasanna\.windows-build-tools\python27\;C:\Users\Prasanna\AppData\Local\Microsoft\WindowsApps;C:\Users\Prasanna\AppData\Local\GitHubDesktop\bin;C:\Users\Prasanna\AppData\Roaming\npm;C:\Users\Prasanna\AppData\Local\Microsoft\WindowsApps;C:\Program Files\JetBrains\IntelliJ IDEA Community Edition 2020.1.3\bin;;C:\Users\Prasanna\AppData\Local\Android\Sdk;;."/>
    <property name="java.vm.info" value="mixed mode"/>
    <property name="java.vendor" value="Oracle Corporation"/>
    <property name="java.vm.version" value="25.201-b09"/>
    <property name="java.ext.dirs" value="C:\Program Files\Java\jdk1.8.0_201\jre\lib\ext;C:\WINDOWS\Sun\Java\lib\ext"/>
    <property name="sun.io.unicode.encoding" value="UnicodeLittle"/>
    <property name="java.class.version" value="52.0"/>
  </properties>
  <testcase name="get_Data_For_Functionality_execution" classname="com.ParseDataFromExcel.InputDataProvider" time="0.544"/>
  <testcase name="feature" classname="com.ModuleRunnerFile.WeatherAuthenticationRunnerFile" time="109.492">
    <failure message="java.lang.AssertionError: Variance Calculated Should be Less the Variance Assigned. expected [true] but found [false]" type="cucumber.runtime.CucumberException">cucumber.runtime.CucumberException: java.lang.AssertionError: Variance Calculated Should be Less the Variance Assigned. expected [true] but found [false]
	at com.ModuleRunnerFile.WeatherAuthenticationRunnerFile.feature(WeatherAuthenticationRunnerFile.java:32)
Caused by: java.lang.AssertionError: Variance Calculated Should be Less the Variance Assigned. expected [true] but found [false]
</failure>
    <system-out><![CDATA[Feature: Validation of Weather Reporter
Page Is loaded.
Page Is loaded.
Page Is loaded.
Page Is loaded.
Page Is loaded.

  @run
  Scenario: Navigate to Weather page                                         &amp#27;[90m# src/main/resources/FeatureFile/WeatherAuthetication.feature:5&amp#27;[0m
    &amp#27;[32mGiven &amp#27;[0m&amp#27;[32mthe user navigates to home page url&amp#27;[0m                                &amp#27;[90m# FunctionalStepDefinition.the_user_navigates_to_home_page()&amp#27;[0m
    &amp#27;[32mThen &amp#27;[0m&amp#27;[32mthe user should be on home page&amp#27;[0m                                     &amp#27;[90m# FunctionalStepDefinition.the_user_should_be_on_the_home_page()&amp#27;[0m
    &amp#27;[32mWhen &amp#27;[0m&amp#27;[32mthe user clicks on the kebab menu in the home page&amp#27;[0m                  &amp#27;[90m# FunctionalStepDefinition.the_user_clicks_on_the_kebab_menu_in_the_home_page()&amp#27;[0m
    &amp#27;[32mThen &amp#27;[0m&amp#27;[32mthe user should see list of menu with "&amp#27;[0m&amp#27;[32m&amp#27;[1mWEATHER&amp#27;[0m&amp#27;[32m" present in the list&amp#27;[0m &amp#27;[90m# FunctionalStepDefinition.the_user_should_see_list_of_menu_with_present_in_the_list(String)&amp#27;[0m
    &amp#27;[32mWhen &amp#27;[0m&amp#27;[32mthe user clicks on the Weather option&amp#27;[0m                               &amp#27;[90m# FunctionalStepDefinition.the_user_clicks_on_the_Weather_option()&amp#27;[0m
    &amp#27;[32mThen &amp#27;[0m&amp#27;[32mthe user should be on the Weather page&amp#27;[0m                              &amp#27;[90m# FunctionalStepDefinition.the_user_should_be_on_the_Weather_page()&amp#27;[0m

  @run
  Scenario Outline: Get Data from API                                     &amp#27;[90m# src/main/resources/FeatureFile/WeatherAuthetication.feature:15&amp#27;[0m
    &amp#27;[36mGiven &amp#27;[0m&amp#27;[36mthe user gets the Weather data for particular "<City>" from API&amp#27;[0m

    Examples: 
Request method:	GET
Request URI:	http://api.openweathermap.org/data/2.5/weather?q=Bengaluru&appid=7fe67bf08c80ded756e598d6f8fedaea
Proxy:			<none>
Request params:	<none>
Query params:	q=Bengaluru
				appid=7fe67bf08c80ded756e598d6f8fedaea
Form params:	<none>
Path params:	<none>
Headers:		Accept=*/*
				Content-Type=application/json; charset=UTF-8
Cookies:		<none>
Multiparts:		<none>
Body:			<none>
Temperature From API:-29.369995

  @run
  Scenario Outline: Get Data from API                                        &amp#27;[90m# src/main/resources/FeatureFile/WeatherAuthetication.feature:21&amp#27;[0m
    &amp#27;[32mGiven &amp#27;[0m&amp#27;[32mthe user gets the Weather data for particular "&amp#27;[0m&amp#27;[32m&amp#27;[1mBengaluru&amp#27;[0m&amp#27;[32m" from API&amp#27;[0m &amp#27;[90m# ApiStepDefinition.get_the_weather_data_for_particular_city_from_api(String)&amp#27;[0m

  @run
  Scenario Outline: Get Weather data from the Map                              &amp#27;[90m# src/main/resources/FeatureFile/WeatherAuthetication.feature:24&amp#27;[0m
    &amp#27;[36mGiven &amp#27;[0m&amp#27;[36mthe user should be on the Weather page&amp#27;[0m
    &amp#27;[36mWhen &amp#27;[0m&amp#27;[36mthe user searches for the respective "<City>"&amp#27;[0m
    &amp#27;[36mThen &amp#27;[0m&amp#27;[36mthe user should see the "<City>" name in the suggestion box&amp#27;[0m
    &amp#27;[36mWhen &amp#27;[0m&amp#27;[36mthe user clicks the checkbox for the searched "<City>"&amp#27;[0m
    &amp#27;[36mThen &amp#27;[0m&amp#27;[36mthe particular "<City>" should appear in the Map with weather details&amp#27;[0m
    &amp#27;[36mAnd &amp#27;[0m&amp#27;[36mthe temperature should match with Api results&amp#27;[0m

    Examples: 
Page Is loaded.
Page Is loaded.
Page Is loaded.
Page Is loaded.
Page Is loaded.
Temperature Displayed in UI:-26
Varience Calculated:-2.8392165750062492

  @run
  Scenario Outline: Get Weather data from the Map                                 &amp#27;[90m# src/main/resources/FeatureFile/WeatherAuthetication.feature:35&amp#27;[0m
    &amp#27;[32mGiven &amp#27;[0m&amp#27;[32mthe user should be on the Weather page&amp#27;[0m                                  &amp#27;[90m# FunctionalStepDefinition.the_user_should_be_on_the_Weather_page()&amp#27;[0m
    &amp#27;[32mWhen &amp#27;[0m&amp#27;[32mthe user searches for the respective "&amp#27;[0m&amp#27;[32m&amp#27;[1mBengaluru&amp#27;[0m&amp#27;[32m"&amp#27;[0m                         &amp#27;[90m# FunctionalStepDefinition.the_user_searches_for_the_respective_city(String)&amp#27;[0m
    &amp#27;[32mThen &amp#27;[0m&amp#27;[32mthe user should see the "&amp#27;[0m&amp#27;[32m&amp#27;[1mBengaluru&amp#27;[0m&amp#27;[32m" name in the suggestion box&amp#27;[0m           &amp#27;[90m# FunctionalStepDefinition.the_user_should_see_the_city_name_in_the_suggestion_box(String)&amp#27;[0m
    &amp#27;[32mWhen &amp#27;[0m&amp#27;[32mthe user clicks the checkbox for the searched "&amp#27;[0m&amp#27;[32m&amp#27;[1mBengaluru&amp#27;[0m&amp#27;[32m"&amp#27;[0m                &amp#27;[90m# FunctionalStepDefinition.the_user_clicks_the_checkbox_for_the_city(String)&amp#27;[0m
    &amp#27;[32mThen &amp#27;[0m&amp#27;[32mthe particular "&amp#27;[0m&amp#27;[32m&amp#27;[1mBengaluru&amp#27;[0m&amp#27;[32m" should appear in the Map with weather details&amp#27;[0m &amp#27;[90m# FunctionalStepDefinition.the_particular_city_should_be_present_in_map(String)&amp#27;[0m
    &amp#27;[31mAnd &amp#27;[0m&amp#27;[31mthe temperature should match with Api results&amp#27;[0m                             &amp#27;[90m# FunctionalStepDefinition.the_temperature_of_should_match_with_Api_results()&amp#27;[0m
      &amp#27;[31mjava.lang.AssertionError: Variance Calculated Should be Less the Variance Assigned. expected [true] but found [false]
      	at org.testng.Assert.fail(Assert.java:94)
      	at org.testng.Assert.failNotEquals(Assert.java:494)
      	at org.testng.Assert.assertTrue(Assert.java:42)
      	at com.FucntionalityModules.VarianceFunctionalityModule.find_variance_and_authenticate_weather(VarianceFunctionalityModule.java:12)
      	at com.ModuleStepDefinitions.FunctionalStepDefinition.the_temperature_of_should_match_with_Api_results(FunctionalStepDefinition.java:57)
      	at ?.And the temperature should match with Api results(src/main/resources/FeatureFile/WeatherAuthetication.feature:31)
      &amp#27;[0m
]]></system-out>
    <system-err><![CDATA[JavaScript warning: https://cdn.ndtv.com/static/js/main.js?ver-27022020.1, line 310: unreachable code after return statement
JavaScript warning: https://drop.ndtv.com/homepage/js/jquery.min.js, line 3: unreachable code after return statement
JavaScript error: https://www.instagram.com/embed.js?_=1599474686556, line 8: Error: Minified exception occurred; use the non-minified dev environment for the full error message and additional helpful warnings.
log4j:WARN No appenders could be found for logger (org.apache.http.impl.conn.BasicClientConnectionManager).
log4j:WARN Please initialize the log4j system properly.
]]></system-err>
  </testcase>
</testsuite>