<?xml version="1.0" encoding="UTF-8"?>
<!-- Generated by org.testng.reporters.JUnitReportReporter -->
<testsuite hostname="DESKTOP-PHPQOJO" name="com.ParseDataFromExcel.InputDataProvider" tests="1" failures="0" timestamp="7 Sep 2020 10:33:12 GMT" time="0.545" errors="0">
  <testcase name="get_Data_For_Functionality_execution" time="0.545" classname="com.ParseDataFromExcel.InputDataProvider"/>
</testsuite> <!-- com.ParseDataFromExcel.InputDataProvider -->
